0 info it worked if it ends with ok
1 verbose cli [ '/usr/local/bin/node',
1 verbose cli   '/usr/local/bin/npm',
1 verbose cli   'publish',
1 verbose cli   '--force' ]
2 info using npm@2.14.12
3 info using node@v4.2.4
4 warn using --force I sure hope you know what you are doing.
5 verbose publish [ '.' ]
6 silly cache add args [ '.', null ]
7 verbose cache add spec .
8 silly cache add parsed spec Result {
8 silly cache add   raw: '.',
8 silly cache add   scope: null,
8 silly cache add   name: null,
8 silly cache add   rawSpec: '.',
8 silly cache add   spec: '/Users/shonigstein/Desktop/three-stereo-effect',
8 silly cache add   type: 'directory' }
9 verbose addLocalDirectory /Users/shonigstein/.npm/three-stereo-effect/1.0.11/package.tgz not in flight; packing
10 verbose tar pack [ '/Users/shonigstein/.npm/three-stereo-effect/1.0.11/package.tgz',
10 verbose tar pack   '/Users/shonigstein/Desktop/three-stereo-effect' ]
11 verbose tarball /Users/shonigstein/.npm/three-stereo-effect/1.0.11/package.tgz
12 verbose folder /Users/shonigstein/Desktop/three-stereo-effect
13 info prepublish three-stereo-effect@1.0.11
14 verbose addLocalTarball adding from inside cache /Users/shonigstein/.npm/three-stereo-effect/1.0.11/package.tgz
15 silly cache afterAdd three-stereo-effect@1.0.11
16 verbose afterAdd /Users/shonigstein/.npm/three-stereo-effect/1.0.11/package/package.json not in flight; writing
17 verbose afterAdd /Users/shonigstein/.npm/three-stereo-effect/1.0.11/package/package.json written
18 silly publish { name: 'three-stereo-effect',
18 silly publish   version: '1.0.11',
18 silly publish   description: 'stereo effect for three js ( VR ) ',
18 silly publish   main: 'index.js',
18 silly publish   scripts: { test: 'echo "Error: no test specified" && exit 1' },
18 silly publish   repository:
18 silly publish    { type: 'git',
18 silly publish      url: 'git+https://github.com/Samsy/three-stereo-effect.git' },
18 silly publish   keywords: [ 'vr', 'webgl', 'threejs', 'stereo' ],
18 silly publish   author: { name: 'samsy' },
18 silly publish   license: 'ISC',
18 silly publish   bugs: { url: 'https://github.com/Samsy/three-stereo-effect/issues' },
18 silly publish   homepage: 'https://github.com/Samsy/three-stereo-effect#readme',
18 silly publish   readme: '# three-stereo-effect\nA fork of the stereo effect for npm package\n\nThreeJS StereoEffect as an npm module. \n\n```js\nvar THREE = require(\'three\')\n\nvar StereoEffect = require(\'three-stereo-effect\')(THREE)\n\nfunction start(gl, width, height) {\n    renderer = new THREE.WebGLRenderer({\n        canvas: gl.canvas\n    })\n    renderer.setClearColor(0x000000, 1.0)\n\n    scene = new THREE.Scene()\n    camera = new THREE.PerspectiveCamera(50, width/height, 1, 1000)\n    camera.position.set(0, 1, -3)\n    camera.lookAt(new THREE.Vector3())\n\n    stereoEffect = new StereoEffect(renderer)\n    stereoEffect.eyeSeparation = 1;\n    stereoEffect.setSize( window.innerWidth, window.innerHeight );\n\n    var geo = new THREE.BoxGeometry(1,1,1)\n    var mat = new THREE.MeshBasicMaterial({ wireframe: true, color: 0xffffff })\n    var box = new THREE.Mesh(geo, mat)\n    scene.add(box)\n}\n\nfunction render(gl, width, height) {\n    stereoEffect.render(this.scene, this.camera)\n}\n```\n\n\n#### `StereoEffect = require(\'three-stereo-effect\')(THREE)`\n\nThis module exports a function which accepts an instance of THREE, and returns an StereoEffect class. This allows you to use the module with CommonJS, globals, etc.\n\n\nThe returned function has the following constructor pattern:\n\n```js\nstereoEffect = new StereoEffect(renderer)\n```\n',
18 silly publish   readmeFilename: 'README.md',
18 silly publish   gitHead: '362726d82ef5405bedd893fb8976d08faf2c121a',
18 silly publish   _id: 'three-stereo-effect@1.0.11',
18 silly publish   _shasum: 'e8a40fde2f238538cd798370a6a5a070ec5921bc',
18 silly publish   _from: '.' }
19 verbose getPublishConfig undefined
20 silly mapToRegistry name three-stereo-effect
21 silly mapToRegistry using default registry
22 silly mapToRegistry registry https://registry.npmjs.org/
23 silly mapToRegistry uri https://registry.npmjs.org/three-stereo-effect
24 verbose publish registryBase https://registry.npmjs.org/
25 silly publish uploading /Users/shonigstein/.npm/three-stereo-effect/1.0.11/package.tgz
26 verbose request uri https://registry.npmjs.org/three-stereo-effect
27 verbose request sending authorization for write operation
28 info attempt registry request try #1 at 4:54:12 PM
29 verbose request using bearer token for auth
30 verbose request id c1144e906ff820b5
31 http request PUT https://registry.npmjs.org/three-stereo-effect
32 http 403 https://registry.npmjs.org/three-stereo-effect
33 verbose headers { 'content-type': 'application/json',
33 verbose headers   'cache-control': 'max-age=300',
33 verbose headers   'content-length': '96',
33 verbose headers   'accept-ranges': 'bytes',
33 verbose headers   date: 'Wed, 13 Jan 2016 16:54:13 GMT',
33 verbose headers   via: '1.1 varnish',
33 verbose headers   connection: 'keep-alive',
33 verbose headers   'x-served-by': 'cache-lcy1122-LCY',
33 verbose headers   'x-cache': 'MISS',
33 verbose headers   'x-cache-hits': '0',
33 verbose headers   'x-timer': 'S1452704052.134519,VS0,VE1043' }
34 verbose request invalidating /Users/shonigstein/.npm/registry.npmjs.org/three-stereo-effect on PUT
35 error publish Failed PUT 403
36 verbose stack Error: "You cannot publish over the previously published version 1.0.11." : three-stereo-effect
36 verbose stack     at makeError (/usr/local/lib/node_modules/npm/node_modules/npm-registry-client/lib/request.js:264:12)
36 verbose stack     at CachingRegistryClient.<anonymous> (/usr/local/lib/node_modules/npm/node_modules/npm-registry-client/lib/request.js:252:14)
36 verbose stack     at Request._callback (/usr/local/lib/node_modules/npm/node_modules/npm-registry-client/lib/request.js:172:14)
36 verbose stack     at Request.self.callback (/usr/local/lib/node_modules/npm/node_modules/request/request.js:198:22)
36 verbose stack     at emitTwo (events.js:87:13)
36 verbose stack     at Request.emit (events.js:172:7)
36 verbose stack     at Request.<anonymous> (/usr/local/lib/node_modules/npm/node_modules/request/request.js:1082:10)
36 verbose stack     at emitOne (events.js:82:20)
36 verbose stack     at Request.emit (events.js:169:7)
36 verbose stack     at IncomingMessage.<anonymous> (/usr/local/lib/node_modules/npm/node_modules/request/request.js:1009:12)
37 verbose statusCode 403
38 verbose pkgid three-stereo-effect
39 verbose cwd /Users/shonigstein/Desktop/three-stereo-effect
40 error Darwin 15.2.0
41 error argv "/usr/local/bin/node" "/usr/local/bin/npm" "publish" "--force"
42 error node v4.2.4
43 error npm  v2.14.12
44 error code E403
45 error "You cannot publish over the previously published version 1.0.11." : three-stereo-effect
46 error If you need help, you may report this error at:
46 error     <https://github.com/npm/npm/issues>
47 verbose exit [ 1, true ]
